2025-03-27 19:14:14,908 [http-nio-8080-exec-7] INFO  c.f.u.HibernateUtil - SessionFactory is null or closed, reinitializing...
2025-03-27 19:14:14,921 [http-nio-8080-exec-7] INFO  c.f.u.HibernateUtil - Initializing Hibernate SessionFactory...
2025-03-27 19:14:15,459 [http-nio-8080-exec-7] INFO  o.h.Version - HHH000412: Hibernate ORM core version 6.2.1.Final
2025-03-27 19:14:15,496 [http-nio-8080-exec-7] INFO  o.h.c.Environment - HHH000406: Using bytecode reflection optimizer
2025-03-27 19:14:18,777 [http-nio-8080-exec-7] INFO  o.h.e.j.c.i.ConnectionProviderInitiator - HHH000130: Instantiating explicit connection provider: org.hibernate.hikaricp.internal.HikariCPConnectionProvider
2025-03-27 19:14:18,885 [http-nio-8080-exec-7] INFO  c.z.h.HikariDataSource - HikariPool-1 - Starting...
2025-03-27 19:14:20,830 [http-nio-8080-exec-7] INFO  c.z.h.HikariDataSource - HikariPool-1 - Start completed.
2025-03-27 19:14:21,354 [http-nio-8080-exec-7] INFO  SQL dialect - HHH000400: Using dialect: org.hibernate.dialect.MySQLDialect, version: 8.4.1
2025-03-27 19:14:24,673 [http-nio-8080-exec-7] INFO  o.h.b.i.BytecodeProviderInitiator - HHH000021: Bytecode provider name : bytebuddy
2025-03-27 19:14:26,236 [http-nio-8080-exec-7] INFO  o.h.v.i.u.Version - HV000001: Hibernate Validator 8.0.0.Final
2025-03-27 19:14:33,778 [http-nio-8080-exec-7] INFO  o.h.e.t.j.p.i.JtaPlatformInitiator - HHH000490: Using JtaPlatform implementation: [org.hibernate.engine.transaction.jta.platform.internal.NoJtaPlatform]
2025-03-27 19:14:34,916 [http-nio-8080-exec-7] INFO  c.f.u.HibernateUtil - Hibernate SessionFactory initialized successfully.
2025-03-27 19:14:35,776 [http-nio-8080-exec-7] INFO  c.f.u.HibernateUtil - Database connectivity verified.
2025-03-27 19:14:38,756 [http-nio-8080-exec-7] INFO  c.f.d.FlightDAO - Fetched 6 suggested destinations for departure=YYZ
2025-03-27 19:14:38,758 [http-nio-8080-exec-7] INFO  c.f.c.F.GetSuggestedDestinations - Returning 6 suggested destinations for departure=YYZ: [com.flightreservation.DTO.SuggetedDestination@c9af4c8, com.flightreservation.DTO.SuggetedDestination@2047744a, com.flightreservation.DTO.SuggetedDestination@1f405172, com.flightreservation.DTO.SuggetedDestination@52fd4589, com.flightreservation.DTO.SuggetedDestination@91ac7aa, com.flightreservation.DTO.SuggetedDestination@126417e7]
2025-03-27 19:15:38,839 [http-nio-8080-exec-6] INFO  c.f.u.HibernateUtil - SessionFactory is null or closed, reinitializing...
2025-03-27 19:15:38,846 [http-nio-8080-exec-6] INFO  c.f.u.HibernateUtil - Initializing Hibernate SessionFactory...
2025-03-27 19:15:39,079 [http-nio-8080-exec-6] INFO  o.h.Version - HHH000412: Hibernate ORM core version 6.2.1.Final
2025-03-27 19:15:39,102 [http-nio-8080-exec-6] INFO  o.h.c.Environment - HHH000406: Using bytecode reflection optimizer
2025-03-27 19:15:40,098 [http-nio-8080-exec-6] INFO  o.h.e.j.c.i.ConnectionProviderInitiator - HHH000130: Instantiating explicit connection provider: org.hibernate.hikaricp.internal.HikariCPConnectionProvider
2025-03-27 19:15:40,129 [http-nio-8080-exec-6] INFO  c.z.h.HikariDataSource - HikariPool-1 - Starting...
2025-03-27 19:15:40,754 [http-nio-8080-exec-6] INFO  c.z.h.HikariDataSource - HikariPool-1 - Start completed.
2025-03-27 19:15:40,869 [http-nio-8080-exec-6] INFO  SQL dialect - HHH000400: Using dialect: org.hibernate.dialect.MySQLDialect, version: 8.4.1
2025-03-27 19:15:41,873 [http-nio-8080-exec-6] INFO  o.h.b.i.BytecodeProviderInitiator - HHH000021: Bytecode provider name : bytebuddy
2025-03-27 19:15:42,364 [http-nio-8080-exec-6] INFO  o.h.v.i.u.Version - HV000001: Hibernate Validator 8.0.0.Final
2025-03-27 19:15:49,128 [http-nio-8080-exec-6] INFO  o.h.e.t.j.p.i.JtaPlatformInitiator - HHH000490: Using JtaPlatform implementation: [org.hibernate.engine.transaction.jta.platform.internal.NoJtaPlatform]
2025-03-27 19:15:50,150 [http-nio-8080-exec-6] INFO  c.f.u.HibernateUtil - Hibernate SessionFactory initialized successfully.
2025-03-27 19:15:51,014 [http-nio-8080-exec-6] INFO  c.f.u.HibernateUtil - Database connectivity verified.
2025-03-27 19:15:54,096 [http-nio-8080-exec-6] INFO  c.f.d.FlightDAO - Fetched 6 suggested destinations for departure=YYZ
2025-03-27 19:15:54,099 [http-nio-8080-exec-6] INFO  c.f.c.F.GetSuggestedDestinations - Returning 6 suggested destinations for departure=YYZ: [com.flightreservation.DTO.SuggetedDestination@7dcfe9b8, com.flightreservation.DTO.SuggetedDestination@5a1596c1, com.flightreservation.DTO.SuggetedDestination@45377f52, com.flightreservation.DTO.SuggetedDestination@6ac3d216, com.flightreservation.DTO.SuggetedDestination@684364df, com.flightreservation.DTO.SuggetedDestination@1e164488]
2025-03-27 19:16:29,330 [http-nio-8080-exec-4] INFO  c.f.d.FlightDAO - Fetched 6 suggested destinations for departure=YYZ
2025-03-27 19:16:29,331 [http-nio-8080-exec-4] INFO  c.f.c.F.GetSuggestedDestinations - Returning 6 suggested destinations for departure=YYZ: [com.flightreservation.DTO.SuggetedDestination@7c27ffa7, com.flightreservation.DTO.SuggetedDestination@62efbef8, com.flightreservation.DTO.SuggetedDestination@25d02134, com.flightreservation.DTO.SuggetedDestination@14831df6, com.flightreservation.DTO.SuggetedDestination@579a1206, com.flightreservation.DTO.SuggetedDestination@481d7e73]
2025-03-27 19:17:04,170 [http-nio-8080-exec-5] WARN  c.f.c.B.ManageBooking - User not logged in, redirecting to login
